<?xml version="1.0" encoding="UTF-8"?>
<testsuite name="ramotion.com.expandingcollection.ExampleUnitTest" tests="1" skipped="0" failures="0" errors="0" timestamp="2019-07-13T10:18:45" hostname="e2r10p14.1337.ma" time="0.001">
  <properties/>
  <testcase name="addition_isCorrect" classname="ramotion.com.expandingcollection.ExampleUnitTest" time="0.001"/>
  <system-out><![CDATA[]]></system-out>
  <system-err><![CDATA[]]></system-err>
</testsuite>
